Build started 6.8.2014 г. 20:14:44.
     1>Project "C:\Users\Bojidar\Desktop\Божидар Тодоров 24525\Degree Elevation\Degree Elevation\Degree Elevation.vcxproj" on node 2 (Build target(s)).
     1>ClCompile:
         C:\Program Files (x86)\Microsoft Visual Studio 12.0\VC\bin\CL.exe /c /ZI /nologo /W3 /WX- /sdl /Od /Oy- /D WIN32 /D _DEBUG /D _CONSOLE /D _LIB /D _UNICODE /D UNICODE /Gm /EHsc /RTC1 /MDd /GS /fp:precise /Zc:wchar_t /Zc:forScope /Fo"Debug\\" /Fd"Debug\vc120.pdb" /Gd /TP /analyze- /errorReport:prompt Degree_Elevation.cpp
         Degree_Elevation.cpp
     1>d:\programs\freeglut-msvc-2.8.1-1.mp\freeglut\include\gl\glui.h(880): warning C4244: 'argument' : conversion from 'double' to 'GLfloat', possible loss of data
     1>c:\users\bojidar\desktop\божидар тодоров 24525\degree elevation\degree elevation\degree_elevation.cpp(69): warning C4305: 'argument' : truncation from 'double' to 'GLfloat'
     1>c:\users\bojidar\desktop\божидар тодоров 24525\degree elevation\degree elevation\degree_elevation.cpp(70): warning C4305: 'argument' : truncation from 'double' to 'GLfloat'
     1>c:\users\bojidar\desktop\божидар тодоров 24525\degree elevation\degree elevation\degree_elevation.cpp(85): warning C4018: '<' : signed/unsigned mismatch
     1>c:\users\bojidar\desktop\божидар тодоров 24525\degree elevation\degree elevation\degree_elevation.cpp(98): warning C4018: '<' : signed/unsigned mismatch
     1>c:\users\bojidar\desktop\божидар тодоров 24525\degree elevation\degree elevation\degree_elevation.cpp(101): warning C4305: 'argument' : truncation from 'double' to 'GLfloat'
     1>c:\users\bojidar\desktop\божидар тодоров 24525\degree elevation\degree elevation\degree_elevation.cpp(132): warning C4018: '<' : signed/unsigned mismatch
     1>c:\users\bojidar\desktop\божидар тодоров 24525\degree elevation\degree elevation\degree_elevation.cpp(134): warning C4244: 'initializing' : conversion from 'float' to 'int', possible loss of data
     1>c:\users\bojidar\desktop\божидар тодоров 24525\degree elevation\degree elevation\degree_elevation.cpp(136): warning C4305: 'argument' : truncation from 'double' to 'GLfloat'
     1>c:\users\bojidar\desktop\божидар тодоров 24525\degree elevation\degree elevation\degree_elevation.cpp(146): warning C4018: '<' : signed/unsigned mismatch
     1>c:\users\bojidar\desktop\божидар тодоров 24525\degree elevation\degree elevation\degree_elevation.cpp(149): warning C4305: 'argument' : truncation from 'double' to 'GLfloat'
     1>c:\users\bojidar\desktop\божидар тодоров 24525\degree elevation\degree elevation\degree_elevation.cpp(180): warning C4018: '<' : signed/unsigned mismatch
       Link:
         C:\Program Files (x86)\Microsoft Visual Studio 12.0\VC\bin\link.exe /ERRORREPORT:PROMPT /OUT:"C:\Users\Bojidar\Desktop\Божидар Тодоров 24525\Degree Elevation\Debug\Degree Elevation.exe" /INCREMENTAL /NOLOGO OpenGl32.lib kernel32.lib user32.lib gdi32.lib winspool.lib comdlg32.lib advapi32.lib shell32.lib ole32.lib oleaut32.lib uuid.lib odbc32.lib odbccp32.lib /MANIFEST /MANIFESTUAC:"level='asInvoker' uiAccess='false'" /manifest:embed /DEBUG /PDB:"C:\Users\Bojidar\Desktop\Божидар Тодоров 24525\Degree Elevation\Debug\Degree Elevation.pdb" /SUBSYSTEM:CONSOLE /TLBID:1 /DYNAMICBASE /NXCOMPAT /IMPLIB:"C:\Users\Bojidar\Desktop\Божидар Тодоров 24525\Degree Elevation\Debug\Degree Elevation.lib" /MACHINE:X86 Debug\Degree_Elevation.obj
     1>glui32.lib(algebra3.obj) : warning LNK4099: PDB '_glui library.pdb' was not found with 'glui32.lib(algebra3.obj)' or at 'C:\Users\Bojidar\Desktop\Божидар Тодоров 24525\Degree Elevation\Debug\_glui library.pdb'; linking object as if no debug info
     1>glui32.lib(arcball.obj) : warning LNK4099: PDB '_glui library.pdb' was not found with 'glui32.lib(arcball.obj)' or at 'C:\Users\Bojidar\Desktop\Божидар Тодоров 24525\Degree Elevation\Debug\_glui library.pdb'; linking object as if no debug info
     1>glui32.lib(glui.obj) : warning LNK4099: PDB '_glui library.pdb' was not found with 'glui32.lib(glui.obj)' or at 'C:\Users\Bojidar\Desktop\Божидар Тодоров 24525\Degree Elevation\Debug\_glui library.pdb'; linking object as if no debug info
     1>glui32.lib(glui_add_controls.obj) : warning LNK4099: PDB '_glui library.pdb' was not found with 'glui32.lib(glui_add_controls.obj)' or at 'C:\Users\Bojidar\Desktop\Божидар Тодоров 24525\Degree Elevation\Debug\_glui library.pdb'; linking object as if no debug info
     1>glui32.lib(glui_bitmap_img_data.obj) : warning LNK4099: PDB '_glui library.pdb' was not found with 'glui32.lib(glui_bitmap_img_data.obj)' or at 'C:\Users\Bojidar\Desktop\Божидар Тодоров 24525\Degree Elevation\Debug\_glui library.pdb'; linking object as if no debug info
     1>glui32.lib(glui_bitmaps.obj) : warning LNK4099: PDB '_glui library.pdb' was not found with 'glui32.lib(glui_bitmaps.obj)' or at 'C:\Users\Bojidar\Desktop\Божидар Тодоров 24525\Degree Elevation\Debug\_glui library.pdb'; linking object as if no debug info
     1>glui32.lib(glui_button.obj) : warning LNK4099: PDB '_glui library.pdb' was not found with 'glui32.lib(glui_button.obj)' or at 'C:\Users\Bojidar\Desktop\Божидар Тодоров 24525\Degree Elevation\Debug\_glui library.pdb'; linking object as if no debug info
     1>glui32.lib(glui_checkbox.obj) : warning LNK4099: PDB '_glui library.pdb' was not found with 'glui32.lib(glui_checkbox.obj)' or at 'C:\Users\Bojidar\Desktop\Божидар Тодоров 24525\Degree Elevation\Debug\_glui library.pdb'; linking object as if no debug info
     1>glui32.lib(glui_column.obj) : warning LNK4099: PDB '_glui library.pdb' was not found with 'glui32.lib(glui_column.obj)' or at 'C:\Users\Bojidar\Desktop\Божидар Тодоров 24525\Degree Elevation\Debug\_glui library.pdb'; linking object as if no debug info
     1>glui32.lib(glui_control.obj) : warning LNK4099: PDB '_glui library.pdb' was not found with 'glui32.lib(glui_control.obj)' or at 'C:\Users\Bojidar\Desktop\Божидар Тодоров 24525\Degree Elevation\Debug\_glui library.pdb'; linking object as if no debug info
     1>glui32.lib(glui_edittext.obj) : warning LNK4099: PDB '_glui library.pdb' was not found with 'glui32.lib(glui_edittext.obj)' or at 'C:\Users\Bojidar\Desktop\Божидар Тодоров 24525\Degree Elevation\Debug\_glui library.pdb'; linking object as if no debug info
     1>glui32.lib(glui_listbox.obj) : warning LNK4099: PDB '_glui library.pdb' was not found with 'glui32.lib(glui_listbox.obj)' or at 'C:\Users\Bojidar\Desktop\Божидар Тодоров 24525\Degree Elevation\Debug\_glui library.pdb'; linking object as if no debug info
     1>glui32.lib(glui_mouse_iaction.obj) : warning LNK4099: PDB '_glui library.pdb' was not found with 'glui32.lib(glui_mouse_iaction.obj)' or at 'C:\Users\Bojidar\Desktop\Божидар Тодоров 24525\Degree Elevation\Debug\_glui library.pdb'; linking object as if no debug info
     1>glui32.lib(glui_node.obj) : warning LNK4099: PDB '_glui library.pdb' was not found with 'glui32.lib(glui_node.obj)' or at 'C:\Users\Bojidar\Desktop\Божидар Тодоров 24525\Degree Elevation\Debug\_glui library.pdb'; linking object as if no debug info
     1>glui32.lib(glui_panel.obj) : warning LNK4099: PDB '_glui library.pdb' was not found with 'glui32.lib(glui_panel.obj)' or at 'C:\Users\Bojidar\Desktop\Божидар Тодоров 24525\Degree Elevation\Debug\_glui library.pdb'; linking object as if no debug info
     1>glui32.lib(glui_radio.obj) : warning LNK4099: PDB '_glui library.pdb' was not found with 'glui32.lib(glui_radio.obj)' or at 'C:\Users\Bojidar\Desktop\Божидар Тодоров 24525\Degree Elevation\Debug\_glui library.pdb'; linking object as if no debug info
     1>glui32.lib(glui_rollout.obj) : warning LNK4099: PDB '_glui library.pdb' was not found with 'glui32.lib(glui_rollout.obj)' or at 'C:\Users\Bojidar\Desktop\Божидар Тодоров 24525\Degree Elevation\Debug\_glui library.pdb'; linking object as if no debug info
     1>glui32.lib(glui_rotation.obj) : warning LNK4099: PDB '_glui library.pdb' was not found with 'glui32.lib(glui_rotation.obj)' or at 'C:\Users\Bojidar\Desktop\Божидар Тодоров 24525\Degree Elevation\Debug\_glui library.pdb'; linking object as if no debug info
     1>glui32.lib(glui_separator.obj) : warning LNK4099: PDB '_glui library.pdb' was not found with 'glui32.lib(glui_separator.obj)' or at 'C:\Users\Bojidar\Desktop\Божидар Тодоров 24525\Degree Elevation\Debug\_glui library.pdb'; linking object as if no debug info
     1>glui32.lib(glui_spinner.obj) : warning LNK4099: PDB '_glui library.pdb' was not found with 'glui32.lib(glui_spinner.obj)' or at 'C:\Users\Bojidar\Desktop\Божидар Тодоров 24525\Degree Elevation\Debug\_glui library.pdb'; linking object as if no debug info
     1>glui32.lib(glui_statictext.obj) : warning LNK4099: PDB '_glui library.pdb' was not found with 'glui32.lib(glui_statictext.obj)' or at 'C:\Users\Bojidar\Desktop\Божидар Тодоров 24525\Degree Elevation\Debug\_glui library.pdb'; linking object as if no debug info
     1>glui32.lib(glui_string.obj) : warning LNK4099: PDB '_glui library.pdb' was not found with 'glui32.lib(glui_string.obj)' or at 'C:\Users\Bojidar\Desktop\Божидар Тодоров 24525\Degree Elevation\Debug\_glui library.pdb'; linking object as if no debug info
     1>glui32.lib(glui_translation.obj) : warning LNK4099: PDB '_glui library.pdb' was not found with 'glui32.lib(glui_translation.obj)' or at 'C:\Users\Bojidar\Desktop\Божидар Тодоров 24525\Degree Elevation\Debug\_glui library.pdb'; linking object as if no debug info
     1>glui32.lib(glui_window.obj) : warning LNK4099: PDB '_glui library.pdb' was not found with 'glui32.lib(glui_window.obj)' or at 'C:\Users\Bojidar\Desktop\Божидар Тодоров 24525\Degree Elevation\Debug\_glui library.pdb'; linking object as if no debug info
     1>glui32.lib(quaternion.obj) : warning LNK4099: PDB '_glui library.pdb' was not found with 'glui32.lib(quaternion.obj)' or at 'C:\Users\Bojidar\Desktop\Божидар Тодоров 24525\Degree Elevation\Debug\_glui library.pdb'; linking object as if no debug info
         Degree Elevation.vcxproj -> C:\Users\Bojidar\Desktop\Божидар Тодоров 24525\Degree Elevation\Debug\Degree Elevation.exe
     1>Done Building Project "C:\Users\Bojidar\Desktop\Божидар Тодоров 24525\Degree Elevation\Degree Elevation\Degree Elevation.vcxproj" (Build target(s)).

Build succeeded.

Time Elapsed 00:00:02.28
